Build started 11/19/2014 4:59:39 PM.
     1>Project "C:\Users\Radu Darie\Google Drive\ODBS\OpenCV\Tutorials\visual_std_tut\CamShift\CamShift\CamShift.vcxproj" on node 2 (Build target(s)).
     1>ClCompile:
         C:\Program Files (x86)\Microsoft Visual Studio 12.0\VC\bin\CL.exe /c /IC:\opencv\build\include\ /Zi /nologo /W3 /WX- /sdl /O2 /Oi /Oy- /GL /D WIN32 /D NDEBUG /D _CONSOLE /D _LIB /D _UNICODE /D UNICODE /Gm- /EHsc /MD /GS /Gy /fp:precise /Zc:wchar_t /Zc:forScope /Fo"Release\\" /Fd"Release\vc120.pdb" /Gd /TP /analyze- /errorReport:prompt Source.cpp
         Source.cpp
     1>Source.cpp(47): warning C4244: 'initializing' : conversion from 'int' to 'float', possible loss of data
     1>Source.cpp(48): warning C4244: 'initializing' : conversion from 'int' to 'float', possible loss of data
     1>Source.cpp(50): warning C4244: 'initializing' : conversion from 'int' to 'float', possible loss of data
     1>Source.cpp(147): warning C4244: '=' : conversion from 'int' to 'float', possible loss of data
     1>Source.cpp(148): warning C4244: '=' : conversion from 'int' to 'float', possible loss of data
     1>Source.cpp(149): warning C4244: '=' : conversion from 'int' to 'float', possible loss of data
     1>Source.cpp(150): warning C4244: '=' : conversion from 'int' to 'float', possible loss of data
     1>Source.cpp(152): warning C4244: '=' : conversion from 'int' to 'float', possible loss of data
     1>Source.cpp(302): warning C4244: 'initializing' : conversion from 'float' to 'int', possible loss of data
     1>Source.cpp(304): warning C4244: 'initializing' : conversion from 'float' to 'int', possible loss of data
     1>Source.cpp(367): warning C4244: 'initializing' : conversion from 'float' to 'int', possible loss of data
     1>Source.cpp(369): warning C4244: 'initializing' : conversion from 'float' to 'int', possible loss of data
       Link:
         C:\Program Files (x86)\Microsoft Visual Studio 12.0\VC\bin\link.exe /ERRORREPORT:PROMPT /OUT:"C:\Users\Radu Darie\Google Drive\ODBS\OpenCV\Tutorials\visual_std_tut\CamShift\Release\CamShift.exe" /INCREMENTAL:NO /NOLOGO /LIBPATH:C:\opencv\build\x86\vc12\lib opencv_core249.lib opencv_imgproc249.lib opencv_video249.lib opencv_highgui249.lib opencv_objdetect249.lib kernel32.lib user32.lib gdi32.lib winspool.lib comdlg32.lib advapi32.lib shell32.lib ole32.lib oleaut32.lib uuid.lib odbc32.lib odbccp32.lib /MANIFEST /MANIFESTUAC:"level='asInvoker' uiAccess='false'" /manifest:embed /DEBUG /PDB:"C:\Users\Radu Darie\Google Drive\ODBS\OpenCV\Tutorials\visual_std_tut\CamShift\Release\CamShift.pdb" /SUBSYSTEM:CONSOLE /OPT:REF /OPT:ICF /LTCG /TLBID:1 /DYNAMICBASE /NXCOMPAT /IMPLIB:"C:\Users\Radu Darie\Google Drive\ODBS\OpenCV\Tutorials\visual_std_tut\CamShift\Release\CamShift.lib" /MACHINE:X86 /SAFESEH Release\Source.obj
         Generating code
         Finished generating code
         CamShift.vcxproj -> C:\Users\Radu Darie\Google Drive\ODBS\OpenCV\Tutorials\visual_std_tut\CamShift\Release\CamShift.exe
     1>Done Building Project "C:\Users\Radu Darie\Google Drive\ODBS\OpenCV\Tutorials\visual_std_tut\CamShift\CamShift\CamShift.vcxproj" (Build target(s)).

Build succeeded.

Time Elapsed 00:00:05.83
