Build started 12/18/2014 8:57:51 PM.
     1>Project "C:\Users\Radu Darie\Documents\GitHub\ParkinsonsCorridor\Tracking\ColorTracker\ColorTracker\ColorTracker.vcxproj" on node 2 (Build target(s)).
     1>ClCompile:
         C:\Program Files (x86)\Microsoft Visual Studio 12.0\VC\bin\CL.exe /c /IC:\opencv\build\include\ /ZI /nologo /W3 /WX- /sdl /Od /Oy- /D WIN32 /D _DEBUG /D _CONSOLE /D _LIB /D _UNICODE /D UNICODE /Gm /EHsc /RTC1 /MDd /GS /fp:precise /Zc:wchar_t /Zc:forScope /Fo"Debug\\" /Fd"Debug\vc120.pdb" /Gd /TP /analyze- /errorReport:prompt Source.cpp
         Source.cpp
     1>c:\users\radu darie\documents\github\parkinsonscorridor\tracking\colortracker\colortracker\source.cpp(47): warning C4244: 'initializing' : conversion from 'int' to 'float', possible loss of data
     1>c:\users\radu darie\documents\github\parkinsonscorridor\tracking\colortracker\colortracker\source.cpp(48): warning C4244: 'initializing' : conversion from 'int' to 'float', possible loss of data
     1>c:\users\radu darie\documents\github\parkinsonscorridor\tracking\colortracker\colortracker\source.cpp(50): warning C4244: 'initializing' : conversion from 'int' to 'float', possible loss of data
     1>c:\users\radu darie\documents\github\parkinsonscorridor\tracking\colortracker\colortracker\source.cpp(147): warning C4244: '=' : conversion from 'int' to 'float', possible loss of data
     1>c:\users\radu darie\documents\github\parkinsonscorridor\tracking\colortracker\colortracker\source.cpp(148): warning C4244: '=' : conversion from 'int' to 'float', possible loss of data
     1>c:\users\radu darie\documents\github\parkinsonscorridor\tracking\colortracker\colortracker\source.cpp(149): warning C4244: '=' : conversion from 'int' to 'float', possible loss of data
     1>c:\users\radu darie\documents\github\parkinsonscorridor\tracking\colortracker\colortracker\source.cpp(150): warning C4244: '=' : conversion from 'int' to 'float', possible loss of data
     1>c:\users\radu darie\documents\github\parkinsonscorridor\tracking\colortracker\colortracker\source.cpp(152): warning C4244: '=' : conversion from 'int' to 'float', possible loss of data
     1>c:\users\radu darie\documents\github\parkinsonscorridor\tracking\colortracker\colortracker\source.cpp(300): warning C4244: 'initializing' : conversion from 'float' to 'int', possible loss of data
     1>c:\users\radu darie\documents\github\parkinsonscorridor\tracking\colortracker\colortracker\source.cpp(302): warning C4244: 'initializing' : conversion from 'float' to 'int', possible loss of data
     1>c:\users\radu darie\documents\github\parkinsonscorridor\tracking\colortracker\colortracker\source.cpp(378): warning C4244: 'initializing' : conversion from 'float' to 'int', possible loss of data
     1>c:\users\radu darie\documents\github\parkinsonscorridor\tracking\colortracker\colortracker\source.cpp(380): warning C4244: 'initializing' : conversion from 'float' to 'int', possible loss of data
       Link:
         C:\Program Files (x86)\Microsoft Visual Studio 12.0\VC\bin\link.exe /ERRORREPORT:PROMPT /OUT:"C:\Users\Radu Darie\Documents\GitHub\ParkinsonsCorridor\Tracking\ColorTracker\Debug\ColorTracker.exe" /INCREMENTAL /NOLOGO /LIBPATH:C:\opencv\build\x86\vc12\lib opencv_core249d.lib opencv_highgui249d.lib opencv_imgproc249d.lib opencv_video249d.lib opencv_objdetect249d.lib kernel32.lib user32.lib gdi32.lib winspool.lib comdlg32.lib advapi32.lib shell32.lib ole32.lib oleaut32.lib uuid.lib odbc32.lib odbccp32.lib /MANIFEST /MANIFESTUAC:"level='asInvoker' uiAccess='false'" /manifest:embed /DEBUG /PDB:"C:\Users\Radu Darie\Documents\GitHub\ParkinsonsCorridor\Tracking\ColorTracker\Debug\ColorTracker.pdb" /SUBSYSTEM:CONSOLE /TLBID:1 /DYNAMICBASE /NXCOMPAT /IMPLIB:"C:\Users\Radu Darie\Documents\GitHub\ParkinsonsCorridor\Tracking\ColorTracker\Debug\ColorTracker.lib" /MACHINE:X86 Debug\Source.obj
         ColorTracker.vcxproj -> C:\Users\Radu Darie\Documents\GitHub\ParkinsonsCorridor\Tracking\ColorTracker\Debug\ColorTracker.exe
     1>Done Building Project "C:\Users\Radu Darie\Documents\GitHub\ParkinsonsCorridor\Tracking\ColorTracker\ColorTracker\ColorTracker.vcxproj" (Build target(s)).

Build succeeded.

Time Elapsed 00:00:01.61
